IOC_TEST:m0s007-Enc01-LtchAutRst
IOC_TEST:m0s008-Enc01-LtchAutRst
IOC_TEST:m0s007-Enc01-LtchRst
IOC_TEST:m0s008-Enc01-LtchRst
IOC_TEST:m0s002-BO01
IOC_TEST:m0s002-BO02
IOC_TEST:m0s002-BO03
IOC_TEST:m0s002-BO04
IOC_TEST:m0s002-BO05
IOC_TEST:m0s002-BO06
IOC_TEST:m0s002-BO07
IOC_TEST:m0s002-BO08
IOC_TEST:m0s007-Enc01-LchAutRstSp
IOC_TEST:m0s008-Enc01-LchAutRstSp
IOC_TEST:MCU-ErrRst
IOC_TEST:m0s007-Enc01-LtchCmd
IOC_TEST:m0s008-Enc01-LtchCmd
IOC_TEST:m0s007-Drv01-Cmd
IOC_TEST:m0s007-Drv01-Spd
IOC_TEST:m0s007-Enc01-Cmd
IOC_TEST:m0s007-Enc01-PosCmd
IOC_TEST:m0s008-Drv01-Cmd
IOC_TEST:m0s008-Drv01-Spd
IOC_TEST:m0s008-Enc01-Cmd
IOC_TEST:m0s008-Enc01-PosCmd
IOC_TEST:m0s000-Stat_
IOC_TEST:m0s001-Stat_
IOC_TEST:m0s002-Stat_
IOC_TEST:m0s003-Enc01-Stat
IOC_TEST:m0s003-Enc02-Stat
IOC_TEST:m0s003-Stat_
IOC_TEST:m0s004-Stat_
IOC_TEST:m0s005-BI01-Stat
IOC_TEST:m0s005-BI02-Stat
IOC_TEST:m0s005-Stat_
IOC_TEST:m0s006-Stat_
IOC_TEST:m0s007-Drv01-Stat
IOC_TEST:m0s007-Enc01-Stat
IOC_TEST:m0s007-Stat_
IOC_TEST:m0s008-Drv01-Stat
IOC_TEST:m0s008-Enc01-Stat
IOC_TEST:m0s008-Stat_
REQMOD:mcag-dev-asm-02-5075:MODULES
REQMOD:mcag-dev-asm-02-5075:VERSIONS
REQMOD:mcag-dev-asm-02-5075:MOD_VER
IOC_TEST:MCU-ErrMsg
IOC_TEST:MCU-Updated
IOC_TEST:m0s000-Stat
IOC_TEST:m0s001-Stat
IOC_TEST:m0s002-Stat
IOC_TEST:m0s003-Stat
IOC_TEST:m0s004-Stat
IOC_TEST:m0s005-Stat
IOC_TEST:m0s006-Stat
IOC_TEST:m0s007-Stat
IOC_TEST:m0s008-Stat
IOC_TEST:m0s000-Online
IOC_TEST:m0s000-Operational
IOC_TEST:m0s000-Alstate-Init
IOC_TEST:m0s000-Alstate-Preop
IOC_TEST:m0s000-Alstate-Safeop
IOC_TEST:m0s000-Alstate-Op
IOC_TEST:m0s001-BI01
IOC_TEST:m0s001-BI02
IOC_TEST:m0s001-BI03
IOC_TEST:m0s001-BI04
IOC_TEST:m0s001-BI05
IOC_TEST:m0s001-BI06
IOC_TEST:m0s001-BI07
IOC_TEST:m0s001-BI08
IOC_TEST:m0s001-Online
IOC_TEST:m0s001-Operational
IOC_TEST:m0s001-Alstate-Init
IOC_TEST:m0s001-Alstate-Preop
IOC_TEST:m0s001-Alstate-Safeop
IOC_TEST:m0s001-Alstate-Op
IOC_TEST:m0s002-BO01-RB
IOC_TEST:m0s002-BO02-RB
IOC_TEST:m0s002-BO03-RB
IOC_TEST:m0s002-BO04-RB
IOC_TEST:m0s002-BO05-RB
IOC_TEST:m0s002-BO06-RB
IOC_TEST:m0s002-BO07-RB
IOC_TEST:m0s002-BO08-RB
IOC_TEST:m0s002-Online
IOC_TEST:m0s002-Operational
IOC_TEST:m0s002-Alstate-Init
IOC_TEST:m0s002-Alstate-Preop
IOC_TEST:m0s002-Alstate-Safeop
IOC_TEST:m0s002-Alstate-Op
IOC_TEST:m0s003-Enc01-DataAlrm
IOC_TEST:m0s003-Enc01-FrameAlrm
IOC_TEST:m0s003-Enc01-PowerAlrm
IOC_TEST:m0s003-Enc02-DataAlrm
IOC_TEST:m0s003-Enc02-FrameAlrm
IOC_TEST:m0s003-Enc02-PowerAlrm
IOC_TEST:m0s003-Online
IOC_TEST:m0s003-Operational
IOC_TEST:m0s003-Alstate-Init
IOC_TEST:m0s003-Alstate-Preop
IOC_TEST:m0s003-Alstate-Safeop
IOC_TEST:m0s003-Alstate-Op
IOC_TEST:m0s004-CH01-PowAlrm
IOC_TEST:m0s004-CH01-OvrldAlrm
IOC_TEST:m0s004-Online
IOC_TEST:m0s004-Operational
IOC_TEST:m0s004-Alstate-Init
IOC_TEST:m0s004-Alstate-Preop
IOC_TEST:m0s004-Alstate-Safeop
IOC_TEST:m0s004-Alstate-Op
IOC_TEST:m0s005-BI01
IOC_TEST:m0s005-BI02
IOC_TEST:m0s005-Online
IOC_TEST:m0s005-Operational
IOC_TEST:m0s005-Alstate-Init
IOC_TEST:m0s005-Alstate-Preop
IOC_TEST:m0s005-Alstate-Safeop
IOC_TEST:m0s005-Alstate-Op
IOC_TEST:m0s006-CH01-EBusAlrm
IOC_TEST:m0s006-CH01-VoltAlrm
IOC_TEST:m0s006-Online
IOC_TEST:m0s006-Operational
IOC_TEST:m0s006-Alstate-Init
IOC_TEST:m0s006-Alstate-Preop
IOC_TEST:m0s006-Alstate-Safeop
IOC_TEST:m0s006-Alstate-Op
IOC_TEST:m0s007-Drv01-WrnAlrm
IOC_TEST:m0s007-Drv01-ErrAlrm
IOC_TEST:m0s007-Drv01-StlAlrm
IOC_TEST:m0s007-Drv01-SyncErrAlrm
IOC_TEST:m0s007-Enc01-ExtLtchOK
IOC_TEST:m0s007-Enc01-OpnCrctAlrm
IOC_TEST:m0s007-Enc01-WrnAlrm
IOC_TEST:m0s007-Enc01-SyncErrAlrm
IOC_TEST:m0s007-Online
IOC_TEST:m0s007-Operational
IOC_TEST:m0s007-Alstate-Init
IOC_TEST:m0s007-Alstate-Preop
IOC_TEST:m0s007-Alstate-Safeop
IOC_TEST:m0s007-Alstate-Op
IOC_TEST:m0s008-Drv01-WrnAlrm
IOC_TEST:m0s008-Drv01-ErrAlrm
IOC_TEST:m0s008-Drv01-StlAlrm
IOC_TEST:m0s008-Drv01-SyncErrAlrm
IOC_TEST:m0s008-Enc01-ExtLtchOK
IOC_TEST:m0s008-Enc01-OpnCrctAlrm
IOC_TEST:m0s008-Enc01-WrnAlrm
IOC_TEST:m0s008-Enc01-SyncErrAlrm
IOC_TEST:m0s008-Online
IOC_TEST:m0s008-Operational
IOC_TEST:m0s008-Alstate-Init
IOC_TEST:m0s008-Alstate-Preop
IOC_TEST:m0s008-Alstate-Safeop
IOC_TEST:m0s008-Alstate-Op
IOC_TEST:m0s000-EntryCntr
IOC_TEST:m0s001-EntryCntr
IOC_TEST:m0s002-EntryCntr
IOC_TEST:m0s003-EntryCntr
IOC_TEST:m0s004-EntryCntr
IOC_TEST:m0s005-EntryCntr
IOC_TEST:m0s006-EntryCntr
IOC_TEST:m0s007-EntryCntr
IOC_TEST:m0s008-EntryCntr
IOC_TEST:m0s000-One
IOC_TEST:m0s000-Zero
IOC_TEST:m0s001-One
IOC_TEST:m0s001-Zero
IOC_TEST:m0s002-One
IOC_TEST:m0s002-Zero
IOC_TEST:m0s003-One
IOC_TEST:m0s003-Zero
IOC_TEST:m0s004-One
IOC_TEST:m0s004-Zero
IOC_TEST:m0s005-One
IOC_TEST:m0s005-Zero
IOC_TEST:m0s006-One
IOC_TEST:m0s006-Zero
IOC_TEST:m0s007-One
IOC_TEST:m0s007-Zero
IOC_TEST:m0s008-One
IOC_TEST:m0s008-Zero
IOC_TEST:m0s005-BI01-TimeRiseTS
IOC_TEST:m0s005-BI01-TimeFallTS
IOC_TEST:m0s005-BI02-TimeRiseTS
IOC_TEST:m0s005-BI02-TimeFallTS
REQMOD:mcag-dev-asm-02-5075:exit
REQMOD:mcag-dev-asm-02-5075:BaseVersion
REQMOD:mcag-dev-asm-02-5075:require_VER
REQMOD:mcag-dev-asm-02-5075:ecmccfg_VER
REQMOD:mcag-dev-asm-02-5075:asyn_VER
REQMOD:mcag-dev-asm-02-5075:exprtk_VER
REQMOD:mcag-dev-asm-02-5075:motor_VER
REQMOD:mcag-dev-asm-02-5075:ruckig_VER
REQMOD:mcag-dev-asm-02-5075:ecmc_VER
IOC_TEST:m0s000-HWType
IOC_TEST:m0s001-HWType
IOC_TEST:m0s002-HWType
IOC_TEST:m0s003-HWType
IOC_TEST:m0s004-HWType
IOC_TEST:m0s005-HWType
IOC_TEST:m0s006-HWType
IOC_TEST:m0s007-HWType
IOC_TEST:m0s008-HWType
IOC_TEST:m0s003-Enc01-PosAct
IOC_TEST:m0s003-Enc02-PosAct
IOC_TEST:m0s005-BI01-TimeRise
IOC_TEST:m0s005-BI01-TimeFall
IOC_TEST:m0s005-BI02-TimeRise
IOC_TEST:m0s005-BI02-TimeFall
IOC_TEST:m0s007-Drv01-Cmd-RB
IOC_TEST:m0s007-Drv01-Spd-RB
IOC_TEST:m0s007-Enc01-PosAct
IOC_TEST:m0s007-Enc01-LtchPosAct
IOC_TEST:m0s007-Enc01-Cmd-RB
IOC_TEST:m0s007-Enc01-PosCmd-RB
IOC_TEST:m0s008-Drv01-Cmd-RB
IOC_TEST:m0s008-Drv01-Spd-RB
IOC_TEST:m0s008-Enc01-PosAct
IOC_TEST:m0s008-Enc01-LtchPosAct
IOC_TEST:m0s008-Enc01-Cmd-RB
IOC_TEST:m0s008-Enc01-PosCmd-RB
IOC_TEST:MCU-AppMode
IOC_TEST:MCU-ErrId
IOC_TEST:MCU-ThdLatMin
IOC_TEST:MCU-ThdLatMax
IOC_TEST:MCU-ThdPrdMin
IOC_TEST:MCU-ThdPrdMax
IOC_TEST:MCU-ThdExeMin
IOC_TEST:MCU-ThdExeMax
IOC_TEST:MCU-ThdSndMin
IOC_TEST:MCU-ThdSndMax
IOC_TEST:MCU-Cmd
